

                                                                      Page 1
ispLEVER Classic 2.0.00.17.20.15  -  Device Utilization Chart         Sun Sep 01 14:37:50 2019

practica3.bls 



--------------------------------------------------------------------------------

Module                   : 'practica3'

--------------------------------------------------------------------------------

Input files:

    ABEL PLA file        : practica3.tt3
    Device library       : P22V10G.dev

Output files:

    Report file          : practica3.rpt
    Programmer load file : practica3.jed

--------------------------------------------------------------------------------


                                                                      Page 2
ispLEVER Classic 2.0.00.17.20.15  -  Device Utilization Chart         Sun Sep 01 14:37:50 2019

practica3.bls 

P22V10G Programmed Logic:
--------------------------------------------------------------------------------



AND     = (  C & B & A );

NAND     = !(  C & B & A );

NOR     = (  !C & !B & !A );

OR     = !(  !C & !B & !A );

EXOR     = (  C & B & A 
            #   !C & !B & A 
            #   !C & B & !A 
            #   C & !B & !A );



                                                                      Page 3
ispLEVER Classic 2.0.00.17.20.15  -  Device Utilization Chart         Sun Sep 01 14:37:51 2019

practica3.bls 

P22V10G Chip Diagram:
--------------------------------------------------------------------------------




                                   P22V10G

                         +---------\       /---------+
                         |          \     /          |
                         |           -----           |
                       C |  1                    24  | Vcc                     
                         |                           |
                       B |  2                    23  | EXOR                    
                         |                           |
                       A |  3                    22  | NOR                     
                         |                           |
                         |  4                    21  | AND                     
                         |                           |
                         |  5                    20  |                         
                         |                           |
                         |  6                    19  |                         
                         |                           |
                         |  7                    18  |                         
                         |                           |
                         |  8                    17  |                         
                         |                           |
                         |  9                    16  |                         
                         |                           |
                         | 10                    15  | !NAND                   
                         |                           |
                         | 11                    14  | !OR                     
                         |                           |
                     GND | 12                    13  |                         
                         |                           |
                         |                           |
                         `---------------------------'

                        SIGNATURE: N/A


                                                                      Page 4
ispLEVER Classic 2.0.00.17.20.15  -  Device Utilization Chart         Sun Sep 01 14:37:51 2019

practica3.bls 

P22V10G Resource Allocations:
--------------------------------------------------------------------------------



        Device        | Resource  |   Design    |
       Resources      | Available | Requirement | Unused
======================|===========|=============|==============
                      |           |             |
Input Pins:           |           |             |
                      |           |             |
          Input:      |     12    |      3      |    9 ( 75 %)
                      |           |             |
Output Pins:          |           |             |
                      |           |             |
          In/Out:     |     10    |      5      |    5 ( 50 %)
          Output:     |      -    |      -      |    -
                      |           |             |
Buried Nodes:         |           |             |
                      |           |             |
          Input Reg:  |      -    |      -      |    -
          Pin Reg:    |     10    |      0      |   10 (100 %)
          Buried Reg: |      -    |      -      |    -


                                                                      Page 5
ispLEVER Classic 2.0.00.17.20.15  -  Device Utilization Chart         Sun Sep 01 14:37:51 2019

practica3.bls 

P22V10G Product Terms Distribution:
--------------------------------------------------------------------------------



            Signal                       |    Pin   | Terms | Terms | Terms
             Name                        | Assigned | Used  |  Max  | Unused
=========================================|==========|=======|=======|=======
AND                                      |   21     |   1   |  12   |  11
NAND                                     |   15     |   1   |  10   |   9
NOR                                      |   22     |   1   |  10   |   9
OR                                       |   14     |   1   |   8   |   7
EXOR                                     |   23     |   4   |   8   |   4


     ==== List of Inputs/Feedbacks ====

Signal Name                              | Pin      | Pin Type
=========================================|==========|=========
C                                        |    1     | CLK/IN
B                                        |    2     | INPUT
A                                        |    3     | INPUT


                                                                      Page 6
ispLEVER Classic 2.0.00.17.20.15  -  Device Utilization Chart         Sun Sep 01 14:37:51 2019

practica3.bls 

P22V10G Unused Resources:
--------------------------------------------------------------------------------



 Pin   |  Pin   |   Product   | Flip-flop
Number |  Type  |   Terms     |   Type
=======|========|=============|==========
    4  |  INPUT |      -      |    -   
    5  |  INPUT |      -      |    -   
    6  |  INPUT |      -      |    -   
    7  |  INPUT |      -      |    -   
    8  |  INPUT |      -      |    -   
    9  |  INPUT |      -      |    -   
   10  |  INPUT |      -      |    -   
   11  |  INPUT |      -      |    -   
   13  |  INPUT |      -      |    -   
   16  |  BIDIR | NORMAL 12   |    D
   17  |  BIDIR | NORMAL 14   |    D
   18  |  BIDIR | NORMAL 16   |    D
   19  |  BIDIR | NORMAL 16   |    D
   20  |  BIDIR | NORMAL 14   |    D
